

-------- Grammar --------

rule 1 Instruccion: "id" "<-" Expresion
rule 2 Instruccion: "begin" Instrucciones "end"
rule 3 Instruccion: "with" LDeclaraciones "begin" Instrucciones "end"
rule 4 Instruccion: "read" "id"
rule 5 Instruccion: "print" ElementosSalida
rule 6 Instruccion: "if" Expresion "->" Instruccion "end"
rule 7 Instruccion: "if" Expresion "->" Instruccion "otherwise" "->" Instruccion "end"
rule 8 Instruccion: "for" "id" "from" Expresion "to" Expresion "->" Instruccion
rule 9 Instruccion: "for" "id" "from" Expresion "to" Expresion "[" "step" "num" "]" "->" Instruccion
rule 10 Instruccion: "while" Expresion "->" Instruccion "end"
rule 11 Instruccion: Expresion "." Expresion
rule 12 Instrucciones: Instruccion
rule 13 Instrucciones: Instrucciones ";" Instruccion
rule 14 LDeclaraciones: "var" Declaracion
rule 15 LDeclaraciones: "var" LDeclaraciones Declaracion
rule 16 LDeclaraciones: "var" "id" ":" Tipo
rule 17 Declaracion: Argumentos ":" Tipo
rule 18 Declaracion: "id" ":" "array" "[" "num" "]" "of" Tipo
rule 19 Argumentos: "id" "<-" Expresion "," Argumentos
rule 20 Argumentos: "id" "," Argumentos
rule 21 Argumentos: "id" "<-" Expresion
rule 22 Argumentos: 
rule 23 Tipo: "int"
rule 24 Tipo: "bool"
rule 25 ElementosSalida: ElementoSalida
rule 26 ElementosSalida: ElementosSalida "," ElementoSalida
rule 27 ElementoSalida: "caracter"
rule 28 ElementoSalida: Expresion
rule 29 Expresion: "num"
rule 30 Expresion: "true"
rule 31 Expresion: "false"
rule 32 Expresion: "id"
rule 33 Expresion: "#" "caracter"
rule 34 Expresion: Expresion "%" Expresion
rule 35 Expresion: Expresion "++"
rule 36 Expresion: Expresion "--"
rule 37 Expresion: Expresion "::" Expresion
rule 38 Expresion: Expresion "*" Expresion
rule 39 Expresion: Expresion "+" Expresion
rule 40 Expresion: Expresion "-" Expresion
rule 41 Expresion: Expresion "\\/" Expresion
rule 42 Expresion: Expresion "/=" Expresion
rule 43 Expresion: Expresion "<" Expresion
rule 44 Expresion: Expresion "<=" Expresion
rule 45 Expresion: Expresion "=" Expresion
rule 46 Expresion: Expresion ">" Expresion
rule 47 Expresion: Expresion ">=" Expresion
rule 48 Expresion: Expresion "\\/\\" Expresion
rule 49 Expresion: Expresion "\\\\/" Expresion
rule 50 Expresion: "not" Expresion
rule 51 Expresion: "$" Expresion
rule 52 Expresion: "-" Expresion
rule 53 Expresion: "(" Expresion ")"
rule 54 Expresion: "[" Expresion "]"
rule 55 Expresion: "{" Expresion "}"

------- Symbols -------

**Nonterminals, with rules where they appear

  $start (58)
    on right: 
    on left : 
  Instruccion (59)
    on right: 6 7 8 9 10 12 13
    on left : 1 2 3 4 5 6 7 8 9 10 11
  Expresion (60)
    on right: 1 6 7 8 9 10 11 19 21 28 34 35 36 37 38 39 40 41 42 43 44 45 46 47 48 49 50 51 52 53 54 55
    on left : 29 30 31 32 33 34 35 36 37 38 39 40 41 42 43 44 45 46 47 48 49 50 51 52 53 54 55
  Instrucciones (61)
    on right: 2 3 13
    on left : 12 13
  LDeclaraciones (62)
    on right: 3 15
    on left : 14 15 16
  ElementosSalida (63)
    on right: 5 26
    on left : 25 26
  Declaracion (64)
    on right: 14 15
    on left : 17 18
  Tipo (65)
    on right: 16 17 18
    on left : 23 24
  Argumentos (66)
    on right: 17 19 20
    on left : 19 20 21 22
  ElementoSalida (67)
    on right: 25 26
    on left : 27 28

**Terminals, with rules where they appear

  $end (0) 
  error (1) 
  "," (2) 19 20 26
  "." (3) 11
  ";" (4) 13
  ":" (5) 16 17 18
  "(" (6) 53
  ")" (7) 53
  "[" (8) 9 18 54
  "]" (9) 9 18 54
  "{" (10) 55
  "}" (11) 55
  "->" (12) 6 7 8 9 10
  "<-" (13) 1 19 21
  "+" (14) 39
  "-" (15) 40 52
  "*" (16) 38
  "\\/" (17) 41
  "%" (18) 34
  "\\/\\" (19) 48
  "\\\\/" (20) 49
  "not" (21) 50
  "/=" (22) 42
  "<" (23) 43
  "<=" (24) 44
  ">" (25) 46
  ">=" (26) 47
  "=" (27) 45
  "++" (28) 35
  "--" (29) 36
  "#" (30) 33
  "::" (31) 37
  "$" (32) 51
  "with" (33) 3
  "true" (34) 30
  "false" (35) 31
  "var" (36) 14 15 16
  "begin" (37) 2 3
  "end" (38) 2 3 6 7 10
  "int" (39) 23
  "while" (40) 10
  "if" (41) 6 7
  "else" (42) 
  "bool" (43) 24
  "char" (44) 
  "array" (45) 18
  "read" (46) 4
  "of" (47) 18
  "print" (48) 5
  "for" (49) 8 9
  "step" (50) 9
  "from" (51) 8 9
  "to" (52) 8 9
  UMINUS (53) 
  "num" (54) 9 18 29
  "id" (55) 1 4 8 9 16 18 19 20 21 32
  "otherwise" (56) 7
  "caracter" (57) 27 33

--------- State ---------

state 0


  "("           shift, and go to state 18
  "["           shift, and go to state 19
  "{"           shift, and go to state 20
  "-"           shift, and go to state 17
  "not"         shift, and go to state 15
  "#"           shift, and go to state 14
  "$"           shift, and go to state 16
  "with"        shift, and go to state 4
  "true"        shift, and go to state 12
  "false"       shift, and go to state 13
  "begin"       shift, and go to state 3
  "while"       shift, and go to state 9
  "if"          shift, and go to state 7
  "read"        shift, and go to state 5
  "print"       shift, and go to state 6
  "for"         shift, and go to state 8
  "num"         shift, and go to state 11
  "id"          shift, and go to state 2

  Instruccion   go to state 1
  Expresion     go to state 10

state 1


  $end          shift, and go to state 21


state 2

   1) Instruccion : "id" _ "<-" Expresion
  32) Expresion : "id" _

  "<-"          shift, and go to state 22
  $default      reduce using rule 32 (Expresion)


state 3

   2) Instruccion : "begin" _ Instrucciones "end"

  "("           shift, and go to state 18
  "["           shift, and go to state 19
  "{"           shift, and go to state 20
  "-"           shift, and go to state 17
  "not"         shift, and go to state 15
  "#"           shift, and go to state 14
  "$"           shift, and go to state 16
  "with"        shift, and go to state 4
  "true"        shift, and go to state 12
  "false"       shift, and go to state 13
  "begin"       shift, and go to state 3
  "while"       shift, and go to state 9
  "if"          shift, and go to state 7
  "read"        shift, and go to state 5
  "print"       shift, and go to state 6
  "for"         shift, and go to state 8
  "num"         shift, and go to state 11
  "id"          shift, and go to state 2

  Instrucciones  go to state 23
  Expresion     go to state 10
  Instruccion   go to state 24

state 4

   3) Instruccion : "with" _ LDeclaraciones "begin" Instrucciones "end"

  "var"         shift, and go to state 26

  LDeclaraciones  go to state 25

state 5

   4) Instruccion : "read" _ "id"

  "id"          shift, and go to state 27


state 6

   5) Instruccion : "print" _ ElementosSalida

  "("           shift, and go to state 18
  "["           shift, and go to state 19
  "{"           shift, and go to state 20
  "-"           shift, and go to state 17
  "not"         shift, and go to state 15
  "#"           shift, and go to state 14
  "$"           shift, and go to state 16
  "true"        shift, and go to state 12
  "false"       shift, and go to state 13
  "num"         shift, and go to state 11
  "id"          shift, and go to state 32
  "caracter"    shift, and go to state 30

  ElementosSalida  go to state 28
  ElementoSalida  go to state 29
  Expresion     go to state 31

state 7

   6) Instruccion : "if" _ Expresion "->" Instruccion "end"
   7) Instruccion : "if" _ Expresion "->" Instruccion "otherwise" "->" Instruccion "end"

  "("           shift, and go to state 18
  "["           shift, and go to state 19
  "{"           shift, and go to state 20
  "-"           shift, and go to state 17
  "not"         shift, and go to state 15
  "#"           shift, and go to state 14
  "$"           shift, and go to state 16
  "true"        shift, and go to state 12
  "false"       shift, and go to state 13
  "num"         shift, and go to state 11
  "id"          shift, and go to state 32

  Expresion     go to state 33

state 8

   8) Instruccion : "for" _ "id" "from" Expresion "to" Expresion "->" Instruccion
   9) Instruccion : "for" _ "id" "from" Expresion "to" Expresion "[" "step" "num" "]" "->" Instruccion

  "id"          shift, and go to state 34


state 9

  10) Instruccion : "while" _ Expresion "->" Instruccion "end"

  "("           shift, and go to state 18
  "["           shift, and go to state 19
  "{"           shift, and go to state 20
  "-"           shift, and go to state 17
  "not"         shift, and go to state 15
  "#"           shift, and go to state 14
  "$"           shift, and go to state 16
  "true"        shift, and go to state 12
  "false"       shift, and go to state 13
  "num"         shift, and go to state 11
  "id"          shift, and go to state 32

  Expresion     go to state 35

state 10

  11) Instruccion : Expresion _ "." Expresion
  34) Expresion : Expresion _ "%" Expresion
  35) Expresion : Expresion _ "++"
  36) Expresion : Expresion _ "--"
  37) Expresion : Expresion _ "::" Expresion
  38) Expresion : Expresion _ "*" Expresion
  39) Expresion : Expresion _ "+" Expresion
  40) Expresion : Expresion _ "-" Expresion
  41) Expresion : Expresion _ "\\/" Expresion
  42) Expresion : Expresion _ "/=" Expresion
  43) Expresion : Expresion _ "<" Expresion
  44) Expresion : Expresion _ "<=" Expresion
  45) Expresion : Expresion _ "=" Expresion
  46) Expresion : Expresion _ ">" Expresion
  47) Expresion : Expresion _ ">=" Expresion
  48) Expresion : Expresion _ "\\/\\" Expresion
  49) Expresion : Expresion _ "\\\\/" Expresion

  "."           shift, and go to state 36
  "+"           shift, and go to state 42
  "-"           shift, and go to state 43
  "*"           shift, and go to state 41
  "\\/"         shift, and go to state 44
  "%"           shift, and go to state 37
  "\\/\\"       shift, and go to state 51
  "\\\\/"       shift, and go to state 52
  "/="          shift, and go to state 45
  "<"           shift, and go to state 46
  "<="          shift, and go to state 47
  ">"           shift, and go to state 49
  ">="          shift, and go to state 50
  "="           shift, and go to state 48
  "++"          shift, and go to state 38
  "--"          shift, and go to state 39
  "::"          shift, and go to state 40


state 11

  29) Expresion : "num" _

  $default      reduce using rule 29 (Expresion)


state 12

  30) Expresion : "true" _

  $default      reduce using rule 30 (Expresion)


state 13

  31) Expresion : "false" _

  $default      reduce using rule 31 (Expresion)


state 14

  33) Expresion : "#" _ "caracter"

  "caracter"    shift, and go to state 53


state 15

  50) Expresion : "not" _ Expresion

  "("           shift, and go to state 18
  "["           shift, and go to state 19
  "{"           shift, and go to state 20
  "-"           shift, and go to state 17
  "not"         shift, and go to state 15
  "#"           shift, and go to state 14
  "$"           shift, and go to state 16
  "true"        shift, and go to state 12
  "false"       shift, and go to state 13
  "num"         shift, and go to state 11
  "id"          shift, and go to state 32

  Expresion     go to state 54

state 16

  51) Expresion : "$" _ Expresion

  "("           shift, and go to state 18
  "["           shift, and go to state 19
  "{"           shift, and go to state 20
  "-"           shift, and go to state 17
  "not"         shift, and go to state 15
  "#"           shift, and go to state 14
  "$"           shift, and go to state 16
  "true"        shift, and go to state 12
  "false"       shift, and go to state 13
  "num"         shift, and go to state 11
  "id"          shift, and go to state 32

  Expresion     go to state 55

state 17

  52) Expresion : "-" _ Expresion

  "("           shift, and go to state 18
  "["           shift, and go to state 19
  "{"           shift, and go to state 20
  "-"           shift, and go to state 17
  "not"         shift, and go to state 15
  "#"           shift, and go to state 14
  "$"           shift, and go to state 16
  "true"        shift, and go to state 12
  "false"       shift, and go to state 13
  "num"         shift, and go to state 11
  "id"          shift, and go to state 32

  Expresion     go to state 56

state 18

  53) Expresion : "(" _ Expresion ")"

  "("           shift, and go to state 18
  "["           shift, and go to state 19
  "{"           shift, and go to state 20
  "-"           shift, and go to state 17
  "not"         shift, and go to state 15
  "#"           shift, and go to state 14
  "$"           shift, and go to state 16
  "true"        shift, and go to state 12
  "false"       shift, and go to state 13
  "num"         shift, and go to state 11
  "id"          shift, and go to state 32

  Expresion     go to state 57

state 19

  54) Expresion : "[" _ Expresion "]"

  "("           shift, and go to state 18
  "["           shift, and go to state 19
  "{"           shift, and go to state 20
  "-"           shift, and go to state 17
  "not"         shift, and go to state 15
  "#"           shift, and go to state 14
  "$"           shift, and go to state 16
  "true"        shift, and go to state 12
  "false"       shift, and go to state 13
  "num"         shift, and go to state 11
  "id"          shift, and go to state 32

  Expresion     go to state 58

state 20

  55) Expresion : "{" _ Expresion "}"

  "("           shift, and go to state 18
  "["           shift, and go to state 19
  "{"           shift, and go to state 20
  "-"           shift, and go to state 17
  "not"         shift, and go to state 15
  "#"           shift, and go to state 14
  "$"           shift, and go to state 16
  "true"        shift, and go to state 12
  "false"       shift, and go to state 13
  "num"         shift, and go to state 11
  "id"          shift, and go to state 32

  Expresion     go to state 59

state 21


  $end          shift, and go to state 60


state 22

   1) Instruccion : "id" "<-" _ Expresion

  "("           shift, and go to state 18
  "["           shift, and go to state 19
  "{"           shift, and go to state 20
  "-"           shift, and go to state 17
  "not"         shift, and go to state 15
  "#"           shift, and go to state 14
  "$"           shift, and go to state 16
  "true"        shift, and go to state 12
  "false"       shift, and go to state 13
  "num"         shift, and go to state 11
  "id"          shift, and go to state 32

  Expresion     go to state 61

state 23

   2) Instruccion : "begin" Instrucciones _ "end"
  13) Instrucciones : Instrucciones _ ";" Instruccion

  ";"           shift, and go to state 63
  "end"         shift, and go to state 62


state 24

  12) Instrucciones : Instruccion _

  $default      reduce using rule 12 (Instrucciones)


state 25

   3) Instruccion : "with" LDeclaraciones _ "begin" Instrucciones "end"

  "begin"       shift, and go to state 64


state 26

  14) LDeclaraciones : "var" _ Declaracion
  15) LDeclaraciones : "var" _ LDeclaraciones Declaracion
  16) LDeclaraciones : "var" _ "id" ":" Tipo

  "var"         shift, and go to state 26
  "id"          shift, and go to state 67
  $default      reduce using rule 22 (Argumentos)

  Declaracion   go to state 65
  LDeclaraciones  go to state 66
  Argumentos    go to state 68

state 27

   4) Instruccion : "read" "id" _

  $default      reduce using rule 4 (Instruccion)


state 28

   5) Instruccion : "print" ElementosSalida _
  26) ElementosSalida : ElementosSalida _ "," ElementoSalida

  ","           shift, and go to state 69
  $default      reduce using rule 5 (Instruccion)


state 29

  25) ElementosSalida : ElementoSalida _

  $default      reduce using rule 25 (ElementosSalida)


state 30

  27) ElementoSalida : "caracter" _

  $default      reduce using rule 27 (ElementoSalida)


state 31

  28) ElementoSalida : Expresion _
  34) Expresion : Expresion _ "%" Expresion
  35) Expresion : Expresion _ "++"
  36) Expresion : Expresion _ "--"
  37) Expresion : Expresion _ "::" Expresion
  38) Expresion : Expresion _ "*" Expresion
  39) Expresion : Expresion _ "+" Expresion
  40) Expresion : Expresion _ "-" Expresion
  41) Expresion : Expresion _ "\\/" Expresion
  42) Expresion : Expresion _ "/=" Expresion
  43) Expresion : Expresion _ "<" Expresion
  44) Expresion : Expresion _ "<=" Expresion
  45) Expresion : Expresion _ "=" Expresion
  46) Expresion : Expresion _ ">" Expresion
  47) Expresion : Expresion _ ">=" Expresion
  48) Expresion : Expresion _ "\\/\\" Expresion
  49) Expresion : Expresion _ "\\\\/" Expresion

  "+"           shift, and go to state 42
  "-"           shift, and go to state 43
  "*"           shift, and go to state 41
  "\\/"         shift, and go to state 44
  "%"           shift, and go to state 37
  "\\/\\"       shift, and go to state 51
  "\\\\/"       shift, and go to state 52
  "/="          shift, and go to state 45
  "<"           shift, and go to state 46
  "<="          shift, and go to state 47
  ">"           shift, and go to state 49
  ">="          shift, and go to state 50
  "="           shift, and go to state 48
  "++"          shift, and go to state 38
  "--"          shift, and go to state 39
  "::"          shift, and go to state 40
  $default      reduce using rule 28 (ElementoSalida)


state 32

  32) Expresion : "id" _

  $default      reduce using rule 32 (Expresion)


state 33

   6) Instruccion : "if" Expresion _ "->" Instruccion "end"
   7) Instruccion : "if" Expresion _ "->" Instruccion "otherwise" "->" Instruccion "end"
  34) Expresion : Expresion _ "%" Expresion
  35) Expresion : Expresion _ "++"
  36) Expresion : Expresion _ "--"
  37) Expresion : Expresion _ "::" Expresion
  38) Expresion : Expresion _ "*" Expresion
  39) Expresion : Expresion _ "+" Expresion
  40) Expresion : Expresion _ "-" Expresion
  41) Expresion : Expresion _ "\\/" Expresion
  42) Expresion : Expresion _ "/=" Expresion
  43) Expresion : Expresion _ "<" Expresion
  44) Expresion : Expresion _ "<=" Expresion
  45) Expresion : Expresion _ "=" Expresion
  46) Expresion : Expresion _ ">" Expresion
  47) Expresion : Expresion _ ">=" Expresion
  48) Expresion : Expresion _ "\\/\\" Expresion
  49) Expresion : Expresion _ "\\\\/" Expresion

  "->"          shift, and go to state 70
  "+"           shift, and go to state 42
  "-"           shift, and go to state 43
  "*"           shift, and go to state 41
  "\\/"         shift, and go to state 44
  "%"           shift, and go to state 37
  "\\/\\"       shift, and go to state 51
  "\\\\/"       shift, and go to state 52
  "/="          shift, and go to state 45
  "<"           shift, and go to state 46
  "<="          shift, and go to state 47
  ">"           shift, and go to state 49
  ">="          shift, and go to state 50
  "="           shift, and go to state 48
  "++"          shift, and go to state 38
  "--"          shift, and go to state 39
  "::"          shift, and go to state 40


state 34

   8) Instruccion : "for" "id" _ "from" Expresion "to" Expresion "->" Instruccion
   9) Instruccion : "for" "id" _ "from" Expresion "to" Expresion "[" "step" "num" "]" "->" Instruccion

  "from"        shift, and go to state 71


state 35

  10) Instruccion : "while" Expresion _ "->" Instruccion "end"
  34) Expresion : Expresion _ "%" Expresion
  35) Expresion : Expresion _ "++"
  36) Expresion : Expresion _ "--"
  37) Expresion : Expresion _ "::" Expresion
  38) Expresion : Expresion _ "*" Expresion
  39) Expresion : Expresion _ "+" Expresion
  40) Expresion : Expresion _ "-" Expresion
  41) Expresion : Expresion _ "\\/" Expresion
  42) Expresion : Expresion _ "/=" Expresion
  43) Expresion : Expresion _ "<" Expresion
  44) Expresion : Expresion _ "<=" Expresion
  45) Expresion : Expresion _ "=" Expresion
  46) Expresion : Expresion _ ">" Expresion
  47) Expresion : Expresion _ ">=" Expresion
  48) Expresion : Expresion _ "\\/\\" Expresion
  49) Expresion : Expresion _ "\\\\/" Expresion

  "->"          shift, and go to state 72
  "+"           shift, and go to state 42
  "-"           shift, and go to state 43
  "*"           shift, and go to state 41
  "\\/"         shift, and go to state 44
  "%"           shift, and go to state 37
  "\\/\\"       shift, and go to state 51
  "\\\\/"       shift, and go to state 52
  "/="          shift, and go to state 45
  "<"           shift, and go to state 46
  "<="          shift, and go to state 47
  ">"           shift, and go to state 49
  ">="          shift, and go to state 50
  "="           shift, and go to state 48
  "++"          shift, and go to state 38
  "--"          shift, and go to state 39
  "::"          shift, and go to state 40


state 36

  11) Instruccion : Expresion "." _ Expresion

  "("           shift, and go to state 18
  "["           shift, and go to state 19
  "{"           shift, and go to state 20
  "-"           shift, and go to state 17
  "not"         shift, and go to state 15
  "#"           shift, and go to state 14
  "$"           shift, and go to state 16
  "true"        shift, and go to state 12
  "false"       shift, and go to state 13
  "num"         shift, and go to state 11
  "id"          shift, and go to state 32

  Expresion     go to state 73

state 37

  34) Expresion : Expresion "%" _ Expresion

  "("           shift, and go to state 18
  "["           shift, and go to state 19
  "{"           shift, and go to state 20
  "-"           shift, and go to state 17
  "not"         shift, and go to state 15
  "#"           shift, and go to state 14
  "$"           shift, and go to state 16
  "true"        shift, and go to state 12
  "false"       shift, and go to state 13
  "num"         shift, and go to state 11
  "id"          shift, and go to state 32

  Expresion     go to state 74

state 38

  35) Expresion : Expresion "++" _

  $default      reduce using rule 35 (Expresion)


state 39

  36) Expresion : Expresion "--" _

  $default      reduce using rule 36 (Expresion)


state 40

  37) Expresion : Expresion "::" _ Expresion

  "("           shift, and go to state 18
  "["           shift, and go to state 19
  "{"           shift, and go to state 20
  "-"           shift, and go to state 17
  "not"         shift, and go to state 15
  "#"           shift, and go to state 14
  "$"           shift, and go to state 16
  "true"        shift, and go to state 12
  "false"       shift, and go to state 13
  "num"         shift, and go to state 11
  "id"          shift, and go to state 32

  Expresion     go to state 75

state 41

  38) Expresion : Expresion "*" _ Expresion

  "("           shift, and go to state 18
  "["           shift, and go to state 19
  "{"           shift, and go to state 20
  "-"           shift, and go to state 17
  "not"         shift, and go to state 15
  "#"           shift, and go to state 14
  "$"           shift, and go to state 16
  "true"        shift, and go to state 12
  "false"       shift, and go to state 13
  "num"         shift, and go to state 11
  "id"          shift, and go to state 32

  Expresion     go to state 76

state 42

  39) Expresion : Expresion "+" _ Expresion

  "("           shift, and go to state 18
  "["           shift, and go to state 19
  "{"           shift, and go to state 20
  "-"           shift, and go to state 17
  "not"         shift, and go to state 15
  "#"           shift, and go to state 14
  "$"           shift, and go to state 16
  "true"        shift, and go to state 12
  "false"       shift, and go to state 13
  "num"         shift, and go to state 11
  "id"          shift, and go to state 32

  Expresion     go to state 77

state 43

  40) Expresion : Expresion "-" _ Expresion

  "("           shift, and go to state 18
  "["           shift, and go to state 19
  "{"           shift, and go to state 20
  "-"           shift, and go to state 17
  "not"         shift, and go to state 15
  "#"           shift, and go to state 14
  "$"           shift, and go to state 16
  "true"        shift, and go to state 12
  "false"       shift, and go to state 13
  "num"         shift, and go to state 11
  "id"          shift, and go to state 32

  Expresion     go to state 78

state 44

  41) Expresion : Expresion "\\/" _ Expresion

  "("           shift, and go to state 18
  "["           shift, and go to state 19
  "{"           shift, and go to state 20
  "-"           shift, and go to state 17
  "not"         shift, and go to state 15
  "#"           shift, and go to state 14
  "$"           shift, and go to state 16
  "true"        shift, and go to state 12
  "false"       shift, and go to state 13
  "num"         shift, and go to state 11
  "id"          shift, and go to state 32

  Expresion     go to state 79

state 45

  42) Expresion : Expresion "/=" _ Expresion

  "("           shift, and go to state 18
  "["           shift, and go to state 19
  "{"           shift, and go to state 20
  "-"           shift, and go to state 17
  "not"         shift, and go to state 15
  "#"           shift, and go to state 14
  "$"           shift, and go to state 16
  "true"        shift, and go to state 12
  "false"       shift, and go to state 13
  "num"         shift, and go to state 11
  "id"          shift, and go to state 32

  Expresion     go to state 80

state 46

  43) Expresion : Expresion "<" _ Expresion

  "("           shift, and go to state 18
  "["           shift, and go to state 19
  "{"           shift, and go to state 20
  "-"           shift, and go to state 17
  "not"         shift, and go to state 15
  "#"           shift, and go to state 14
  "$"           shift, and go to state 16
  "true"        shift, and go to state 12
  "false"       shift, and go to state 13
  "num"         shift, and go to state 11
  "id"          shift, and go to state 32

  Expresion     go to state 81

state 47

  44) Expresion : Expresion "<=" _ Expresion

  "("           shift, and go to state 18
  "["           shift, and go to state 19
  "{"           shift, and go to state 20
  "-"           shift, and go to state 17
  "not"         shift, and go to state 15
  "#"           shift, and go to state 14
  "$"           shift, and go to state 16
  "true"        shift, and go to state 12
  "false"       shift, and go to state 13
  "num"         shift, and go to state 11
  "id"          shift, and go to state 32

  Expresion     go to state 82

state 48

  45) Expresion : Expresion "=" _ Expresion

  "("           shift, and go to state 18
  "["           shift, and go to state 19
  "{"           shift, and go to state 20
  "-"           shift, and go to state 17
  "not"         shift, and go to state 15
  "#"           shift, and go to state 14
  "$"           shift, and go to state 16
  "true"        shift, and go to state 12
  "false"       shift, and go to state 13
  "num"         shift, and go to state 11
  "id"          shift, and go to state 32

  Expresion     go to state 83

state 49

  46) Expresion : Expresion ">" _ Expresion

  "("           shift, and go to state 18
  "["           shift, and go to state 19
  "{"           shift, and go to state 20
  "-"           shift, and go to state 17
  "not"         shift, and go to state 15
  "#"           shift, and go to state 14
  "$"           shift, and go to state 16
  "true"        shift, and go to state 12
  "false"       shift, and go to state 13
  "num"         shift, and go to state 11
  "id"          shift, and go to state 32

  Expresion     go to state 84

state 50

  47) Expresion : Expresion ">=" _ Expresion

  "("           shift, and go to state 18
  "["           shift, and go to state 19
  "{"           shift, and go to state 20
  "-"           shift, and go to state 17
  "not"         shift, and go to state 15
  "#"           shift, and go to state 14
  "$"           shift, and go to state 16
  "true"        shift, and go to state 12
  "false"       shift, and go to state 13
  "num"         shift, and go to state 11
  "id"          shift, and go to state 32

  Expresion     go to state 85

state 51

  48) Expresion : Expresion "\\/\\" _ Expresion

  "("           shift, and go to state 18
  "["           shift, and go to state 19
  "{"           shift, and go to state 20
  "-"           shift, and go to state 17
  "not"         shift, and go to state 15
  "#"           shift, and go to state 14
  "$"           shift, and go to state 16
  "true"        shift, and go to state 12
  "false"       shift, and go to state 13
  "num"         shift, and go to state 11
  "id"          shift, and go to state 32

  Expresion     go to state 86

state 52

  49) Expresion : Expresion "\\\\/" _ Expresion

  "("           shift, and go to state 18
  "["           shift, and go to state 19
  "{"           shift, and go to state 20
  "-"           shift, and go to state 17
  "not"         shift, and go to state 15
  "#"           shift, and go to state 14
  "$"           shift, and go to state 16
  "true"        shift, and go to state 12
  "false"       shift, and go to state 13
  "num"         shift, and go to state 11
  "id"          shift, and go to state 32

  Expresion     go to state 87

state 53

  33) Expresion : "#" "caracter" _

  $default      reduce using rule 33 (Expresion)


state 54

  34) Expresion : Expresion _ "%" Expresion
  35) Expresion : Expresion _ "++"
  36) Expresion : Expresion _ "--"
  37) Expresion : Expresion _ "::" Expresion
  38) Expresion : Expresion _ "*" Expresion
  39) Expresion : Expresion _ "+" Expresion
  40) Expresion : Expresion _ "-" Expresion
  41) Expresion : Expresion _ "\\/" Expresion
  42) Expresion : Expresion _ "/=" Expresion
  43) Expresion : Expresion _ "<" Expresion
  44) Expresion : Expresion _ "<=" Expresion
  45) Expresion : Expresion _ "=" Expresion
  46) Expresion : Expresion _ ">" Expresion
  47) Expresion : Expresion _ ">=" Expresion
  48) Expresion : Expresion _ "\\/\\" Expresion
  49) Expresion : Expresion _ "\\\\/" Expresion
  50) Expresion : "not" Expresion _

  "+"           shift, and go to state 42
  "-"           shift, and go to state 43
  "*"           shift, and go to state 41
  "\\/"         shift, and go to state 44
  "%"           shift, and go to state 37
  $default      reduce using rule 50 (Expresion)


state 55

  34) Expresion : Expresion _ "%" Expresion
  35) Expresion : Expresion _ "++"
  36) Expresion : Expresion _ "--"
  37) Expresion : Expresion _ "::" Expresion
  38) Expresion : Expresion _ "*" Expresion
  39) Expresion : Expresion _ "+" Expresion
  40) Expresion : Expresion _ "-" Expresion
  41) Expresion : Expresion _ "\\/" Expresion
  42) Expresion : Expresion _ "/=" Expresion
  43) Expresion : Expresion _ "<" Expresion
  44) Expresion : Expresion _ "<=" Expresion
  45) Expresion : Expresion _ "=" Expresion
  46) Expresion : Expresion _ ">" Expresion
  47) Expresion : Expresion _ ">=" Expresion
  48) Expresion : Expresion _ "\\/\\" Expresion
  49) Expresion : Expresion _ "\\\\/" Expresion
  51) Expresion : "$" Expresion _

  "+"           shift, and go to state 42
  "-"           shift, and go to state 43
  "*"           shift, and go to state 41
  "\\/"         shift, and go to state 44
  "%"           shift, and go to state 37
  "\\/\\"       shift, and go to state 51
  "\\\\/"       shift, and go to state 52
  "/="          shift, and go to state 45
  "<"           shift, and go to state 46
  "<="          shift, and go to state 47
  ">"           shift, and go to state 49
  ">="          shift, and go to state 50
  "="           shift, and go to state 48
  "++"          shift, and go to state 38
  "--"          shift, and go to state 39
  $default      reduce using rule 51 (Expresion)


state 56

  34) Expresion : Expresion _ "%" Expresion
  35) Expresion : Expresion _ "++"
  36) Expresion : Expresion _ "--"
  37) Expresion : Expresion _ "::" Expresion
  38) Expresion : Expresion _ "*" Expresion
  39) Expresion : Expresion _ "+" Expresion
  40) Expresion : Expresion _ "-" Expresion
  41) Expresion : Expresion _ "\\/" Expresion
  42) Expresion : Expresion _ "/=" Expresion
  43) Expresion : Expresion _ "<" Expresion
  44) Expresion : Expresion _ "<=" Expresion
  45) Expresion : Expresion _ "=" Expresion
  46) Expresion : Expresion _ ">" Expresion
  47) Expresion : Expresion _ ">=" Expresion
  48) Expresion : Expresion _ "\\/\\" Expresion
  49) Expresion : Expresion _ "\\\\/" Expresion
  52) Expresion : "-" Expresion _

  $default      reduce using rule 52 (Expresion)


state 57

  34) Expresion : Expresion _ "%" Expresion
  35) Expresion : Expresion _ "++"
  36) Expresion : Expresion _ "--"
  37) Expresion : Expresion _ "::" Expresion
  38) Expresion : Expresion _ "*" Expresion
  39) Expresion : Expresion _ "+" Expresion
  40) Expresion : Expresion _ "-" Expresion
  41) Expresion : Expresion _ "\\/" Expresion
  42) Expresion : Expresion _ "/=" Expresion
  43) Expresion : Expresion _ "<" Expresion
  44) Expresion : Expresion _ "<=" Expresion
  45) Expresion : Expresion _ "=" Expresion
  46) Expresion : Expresion _ ">" Expresion
  47) Expresion : Expresion _ ">=" Expresion
  48) Expresion : Expresion _ "\\/\\" Expresion
  49) Expresion : Expresion _ "\\\\/" Expresion
  53) Expresion : "(" Expresion _ ")"

  ")"           shift, and go to state 88
  "+"           shift, and go to state 42
  "-"           shift, and go to state 43
  "*"           shift, and go to state 41
  "\\/"         shift, and go to state 44
  "%"           shift, and go to state 37
  "\\/\\"       shift, and go to state 51
  "\\\\/"       shift, and go to state 52
  "/="          shift, and go to state 45
  "<"           shift, and go to state 46
  "<="          shift, and go to state 47
  ">"           shift, and go to state 49
  ">="          shift, and go to state 50
  "="           shift, and go to state 48
  "++"          shift, and go to state 38
  "--"          shift, and go to state 39
  "::"          shift, and go to state 40


state 58

  34) Expresion : Expresion _ "%" Expresion
  35) Expresion : Expresion _ "++"
  36) Expresion : Expresion _ "--"
  37) Expresion : Expresion _ "::" Expresion
  38) Expresion : Expresion _ "*" Expresion
  39) Expresion : Expresion _ "+" Expresion
  40) Expresion : Expresion _ "-" Expresion
  41) Expresion : Expresion _ "\\/" Expresion
  42) Expresion : Expresion _ "/=" Expresion
  43) Expresion : Expresion _ "<" Expresion
  44) Expresion : Expresion _ "<=" Expresion
  45) Expresion : Expresion _ "=" Expresion
  46) Expresion : Expresion _ ">" Expresion
  47) Expresion : Expresion _ ">=" Expresion
  48) Expresion : Expresion _ "\\/\\" Expresion
  49) Expresion : Expresion _ "\\\\/" Expresion
  54) Expresion : "[" Expresion _ "]"

  "]"           shift, and go to state 89
  "+"           shift, and go to state 42
  "-"           shift, and go to state 43
  "*"           shift, and go to state 41
  "\\/"         shift, and go to state 44
  "%"           shift, and go to state 37
  "\\/\\"       shift, and go to state 51
  "\\\\/"       shift, and go to state 52
  "/="          shift, and go to state 45
  "<"           shift, and go to state 46
  "<="          shift, and go to state 47
  ">"           shift, and go to state 49
  ">="          shift, and go to state 50
  "="           shift, and go to state 48
  "++"          shift, and go to state 38
  "--"          shift, and go to state 39
  "::"          shift, and go to state 40


state 59

  34) Expresion : Expresion _ "%" Expresion
  35) Expresion : Expresion _ "++"
  36) Expresion : Expresion _ "--"
  37) Expresion : Expresion _ "::" Expresion
  38) Expresion : Expresion _ "*" Expresion
  39) Expresion : Expresion _ "+" Expresion
  40) Expresion : Expresion _ "-" Expresion
  41) Expresion : Expresion _ "\\/" Expresion
  42) Expresion : Expresion _ "/=" Expresion
  43) Expresion : Expresion _ "<" Expresion
  44) Expresion : Expresion _ "<=" Expresion
  45) Expresion : Expresion _ "=" Expresion
  46) Expresion : Expresion _ ">" Expresion
  47) Expresion : Expresion _ ">=" Expresion
  48) Expresion : Expresion _ "\\/\\" Expresion
  49) Expresion : Expresion _ "\\\\/" Expresion
  55) Expresion : "{" Expresion _ "}"

  "}"           shift, and go to state 90
  "+"           shift, and go to state 42
  "-"           shift, and go to state 43
  "*"           shift, and go to state 41
  "\\/"         shift, and go to state 44
  "%"           shift, and go to state 37
  "\\/\\"       shift, and go to state 51
  "\\\\/"       shift, and go to state 52
  "/="          shift, and go to state 45
  "<"           shift, and go to state 46
  "<="          shift, and go to state 47
  ">"           shift, and go to state 49
  ">="          shift, and go to state 50
  "="           shift, and go to state 48
  "++"          shift, and go to state 38
  "--"          shift, and go to state 39
  "::"          shift, and go to state 40


state 60


  $default      accept


state 61

   1) Instruccion : "id" "<-" Expresion _
  34) Expresion : Expresion _ "%" Expresion
  35) Expresion : Expresion _ "++"
  36) Expresion : Expresion _ "--"
  37) Expresion : Expresion _ "::" Expresion
  38) Expresion : Expresion _ "*" Expresion
  39) Expresion : Expresion _ "+" Expresion
  40) Expresion : Expresion _ "-" Expresion
  41) Expresion : Expresion _ "\\/" Expresion
  42) Expresion : Expresion _ "/=" Expresion
  43) Expresion : Expresion _ "<" Expresion
  44) Expresion : Expresion _ "<=" Expresion
  45) Expresion : Expresion _ "=" Expresion
  46) Expresion : Expresion _ ">" Expresion
  47) Expresion : Expresion _ ">=" Expresion
  48) Expresion : Expresion _ "\\/\\" Expresion
  49) Expresion : Expresion _ "\\\\/" Expresion

  "+"           shift, and go to state 42
  "-"           shift, and go to state 43
  "*"           shift, and go to state 41
  "\\/"         shift, and go to state 44
  "%"           shift, and go to state 37
  "\\/\\"       shift, and go to state 51
  "\\\\/"       shift, and go to state 52
  "/="          shift, and go to state 45
  "<"           shift, and go to state 46
  "<="          shift, and go to state 47
  ">"           shift, and go to state 49
  ">="          shift, and go to state 50
  "="           shift, and go to state 48
  "++"          shift, and go to state 38
  "--"          shift, and go to state 39
  "::"          shift, and go to state 40
  $default      reduce using rule 1 (Instruccion)


state 62

   2) Instruccion : "begin" Instrucciones "end" _

  $default      reduce using rule 2 (Instruccion)


state 63

  13) Instrucciones : Instrucciones ";" _ Instruccion

  "("           shift, and go to state 18
  "["           shift, and go to state 19
  "{"           shift, and go to state 20
  "-"           shift, and go to state 17
  "not"         shift, and go to state 15
  "#"           shift, and go to state 14
  "$"           shift, and go to state 16
  "with"        shift, and go to state 4
  "true"        shift, and go to state 12
  "false"       shift, and go to state 13
  "begin"       shift, and go to state 3
  "while"       shift, and go to state 9
  "if"          shift, and go to state 7
  "read"        shift, and go to state 5
  "print"       shift, and go to state 6
  "for"         shift, and go to state 8
  "num"         shift, and go to state 11
  "id"          shift, and go to state 2

  Expresion     go to state 10
  Instruccion   go to state 91

state 64

   3) Instruccion : "with" LDeclaraciones "begin" _ Instrucciones "end"

  "("           shift, and go to state 18
  "["           shift, and go to state 19
  "{"           shift, and go to state 20
  "-"           shift, and go to state 17
  "not"         shift, and go to state 15
  "#"           shift, and go to state 14
  "$"           shift, and go to state 16
  "with"        shift, and go to state 4
  "true"        shift, and go to state 12
  "false"       shift, and go to state 13
  "begin"       shift, and go to state 3
  "while"       shift, and go to state 9
  "if"          shift, and go to state 7
  "read"        shift, and go to state 5
  "print"       shift, and go to state 6
  "for"         shift, and go to state 8
  "num"         shift, and go to state 11
  "id"          shift, and go to state 2

  Instrucciones  go to state 92
  Expresion     go to state 10
  Instruccion   go to state 24

state 65

  14) LDeclaraciones : "var" Declaracion _

  $default      reduce using rule 14 (LDeclaraciones)


state 66

  15) LDeclaraciones : "var" LDeclaraciones _ Declaracion

  "id"          shift, and go to state 94
  $default      reduce using rule 22 (Argumentos)

  Declaracion   go to state 93
  Argumentos    go to state 68

state 67

  16) LDeclaraciones : "var" "id" _ ":" Tipo
  18) Declaracion : "id" _ ":" "array" "[" "num" "]" "of" Tipo
  19) Argumentos : "id" _ "<-" Expresion "," Argumentos
  20) Argumentos : "id" _ "," Argumentos
  21) Argumentos : "id" _ "<-" Expresion

  ","           shift, and go to state 97
  ":"           shift, and go to state 95
  "<-"          shift, and go to state 96


state 68

  17) Declaracion : Argumentos _ ":" Tipo

  ":"           shift, and go to state 98


state 69

  26) ElementosSalida : ElementosSalida "," _ ElementoSalida

  "("           shift, and go to state 18
  "["           shift, and go to state 19
  "{"           shift, and go to state 20
  "-"           shift, and go to state 17
  "not"         shift, and go to state 15
  "#"           shift, and go to state 14
  "$"           shift, and go to state 16
  "true"        shift, and go to state 12
  "false"       shift, and go to state 13
  "num"         shift, and go to state 11
  "id"          shift, and go to state 32
  "caracter"    shift, and go to state 30

  ElementoSalida  go to state 99
  Expresion     go to state 31

state 70

   6) Instruccion : "if" Expresion "->" _ Instruccion "end"
   7) Instruccion : "if" Expresion "->" _ Instruccion "otherwise" "->" Instruccion "end"

  "("           shift, and go to state 18
  "["           shift, and go to state 19
  "{"           shift, and go to state 20
  "-"           shift, and go to state 17
  "not"         shift, and go to state 15
  "#"           shift, and go to state 14
  "$"           shift, and go to state 16
  "with"        shift, and go to state 4
  "true"        shift, and go to state 12
  "false"       shift, and go to state 13
  "begin"       shift, and go to state 3
  "while"       shift, and go to state 9
  "if"          shift, and go to state 7
  "read"        shift, and go to state 5
  "print"       shift, and go to state 6
  "for"         shift, and go to state 8
  "num"         shift, and go to state 11
  "id"          shift, and go to state 2

  Instruccion   go to state 100
  Expresion     go to state 10

state 71

   8) Instruccion : "for" "id" "from" _ Expresion "to" Expresion "->" Instruccion
   9) Instruccion : "for" "id" "from" _ Expresion "to" Expresion "[" "step" "num" "]" "->" Instruccion

  "("           shift, and go to state 18
  "["           shift, and go to state 19
  "{"           shift, and go to state 20
  "-"           shift, and go to state 17
  "not"         shift, and go to state 15
  "#"           shift, and go to state 14
  "$"           shift, and go to state 16
  "true"        shift, and go to state 12
  "false"       shift, and go to state 13
  "num"         shift, and go to state 11
  "id"          shift, and go to state 32

  Expresion     go to state 101

state 72

  10) Instruccion : "while" Expresion "->" _ Instruccion "end"

  "("           shift, and go to state 18
  "["           shift, and go to state 19
  "{"           shift, and go to state 20
  "-"           shift, and go to state 17
  "not"         shift, and go to state 15
  "#"           shift, and go to state 14
  "$"           shift, and go to state 16
  "with"        shift, and go to state 4
  "true"        shift, and go to state 12
  "false"       shift, and go to state 13
  "begin"       shift, and go to state 3
  "while"       shift, and go to state 9
  "if"          shift, and go to state 7
  "read"        shift, and go to state 5
  "print"       shift, and go to state 6
  "for"         shift, and go to state 8
  "num"         shift, and go to state 11
  "id"          shift, and go to state 2

  Instruccion   go to state 102
  Expresion     go to state 10

state 73

  11) Instruccion : Expresion "." Expresion _
  34) Expresion : Expresion _ "%" Expresion
  35) Expresion : Expresion _ "++"
  36) Expresion : Expresion _ "--"
  37) Expresion : Expresion _ "::" Expresion
  38) Expresion : Expresion _ "*" Expresion
  39) Expresion : Expresion _ "+" Expresion
  40) Expresion : Expresion _ "-" Expresion
  41) Expresion : Expresion _ "\\/" Expresion
  42) Expresion : Expresion _ "/=" Expresion
  43) Expresion : Expresion _ "<" Expresion
  44) Expresion : Expresion _ "<=" Expresion
  45) Expresion : Expresion _ "=" Expresion
  46) Expresion : Expresion _ ">" Expresion
  47) Expresion : Expresion _ ">=" Expresion
  48) Expresion : Expresion _ "\\/\\" Expresion
  49) Expresion : Expresion _ "\\\\/" Expresion

  "+"           shift, and go to state 42
  "-"           shift, and go to state 43
  "*"           shift, and go to state 41
  "\\/"         shift, and go to state 44
  "%"           shift, and go to state 37
  "\\/\\"       shift, and go to state 51
  "\\\\/"       shift, and go to state 52
  "/="          shift, and go to state 45
  "<"           shift, and go to state 46
  "<="          shift, and go to state 47
  ">"           shift, and go to state 49
  ">="          shift, and go to state 50
  "="           shift, and go to state 48
  "++"          shift, and go to state 38
  "--"          shift, and go to state 39
  "::"          shift, and go to state 40
  $default      reduce using rule 11 (Instruccion)


state 74

  34) Expresion : Expresion _ "%" Expresion
  34) Expresion : Expresion "%" Expresion _
  35) Expresion : Expresion _ "++"
  36) Expresion : Expresion _ "--"
  37) Expresion : Expresion _ "::" Expresion
  38) Expresion : Expresion _ "*" Expresion
  39) Expresion : Expresion _ "+" Expresion
  40) Expresion : Expresion _ "-" Expresion
  41) Expresion : Expresion _ "\\/" Expresion
  42) Expresion : Expresion _ "/=" Expresion
  43) Expresion : Expresion _ "<" Expresion
  44) Expresion : Expresion _ "<=" Expresion
  45) Expresion : Expresion _ "=" Expresion
  46) Expresion : Expresion _ ">" Expresion
  47) Expresion : Expresion _ ">=" Expresion
  48) Expresion : Expresion _ "\\/\\" Expresion
  49) Expresion : Expresion _ "\\\\/" Expresion

  $default      reduce using rule 34 (Expresion)


state 75

  34) Expresion : Expresion _ "%" Expresion
  35) Expresion : Expresion _ "++"
  36) Expresion : Expresion _ "--"
  37) Expresion : Expresion _ "::" Expresion
  37) Expresion : Expresion "::" Expresion _
  38) Expresion : Expresion _ "*" Expresion
  39) Expresion : Expresion _ "+" Expresion
  40) Expresion : Expresion _ "-" Expresion
  41) Expresion : Expresion _ "\\/" Expresion
  42) Expresion : Expresion _ "/=" Expresion
  43) Expresion : Expresion _ "<" Expresion
  44) Expresion : Expresion _ "<=" Expresion
  45) Expresion : Expresion _ "=" Expresion
  46) Expresion : Expresion _ ">" Expresion
  47) Expresion : Expresion _ ">=" Expresion
  48) Expresion : Expresion _ "\\/\\" Expresion
  49) Expresion : Expresion _ "\\\\/" Expresion

  "+"           shift, and go to state 42
  "-"           shift, and go to state 43
  "*"           shift, and go to state 41
  "\\/"         shift, and go to state 44
  "%"           shift, and go to state 37
  "\\/\\"       shift, and go to state 51
  "\\\\/"       shift, and go to state 52
  "/="          shift, and go to state 45
  "<"           shift, and go to state 46
  "<="          shift, and go to state 47
  ">"           shift, and go to state 49
  ">="          shift, and go to state 50
  "="           shift, and go to state 48
  "++"          shift, and go to state 38
  "--"          shift, and go to state 39
  $default      reduce using rule 37 (Expresion)


state 76

  34) Expresion : Expresion _ "%" Expresion
  35) Expresion : Expresion _ "++"
  36) Expresion : Expresion _ "--"
  37) Expresion : Expresion _ "::" Expresion
  38) Expresion : Expresion _ "*" Expresion
  38) Expresion : Expresion "*" Expresion _
  39) Expresion : Expresion _ "+" Expresion
  40) Expresion : Expresion _ "-" Expresion
  41) Expresion : Expresion _ "\\/" Expresion
  42) Expresion : Expresion _ "/=" Expresion
  43) Expresion : Expresion _ "<" Expresion
  44) Expresion : Expresion _ "<=" Expresion
  45) Expresion : Expresion _ "=" Expresion
  46) Expresion : Expresion _ ">" Expresion
  47) Expresion : Expresion _ ">=" Expresion
  48) Expresion : Expresion _ "\\/\\" Expresion
  49) Expresion : Expresion _ "\\\\/" Expresion

  $default      reduce using rule 38 (Expresion)


state 77

  34) Expresion : Expresion _ "%" Expresion
  35) Expresion : Expresion _ "++"
  36) Expresion : Expresion _ "--"
  37) Expresion : Expresion _ "::" Expresion
  38) Expresion : Expresion _ "*" Expresion
  39) Expresion : Expresion _ "+" Expresion
  39) Expresion : Expresion "+" Expresion _
  40) Expresion : Expresion _ "-" Expresion
  41) Expresion : Expresion _ "\\/" Expresion
  42) Expresion : Expresion _ "/=" Expresion
  43) Expresion : Expresion _ "<" Expresion
  44) Expresion : Expresion _ "<=" Expresion
  45) Expresion : Expresion _ "=" Expresion
  46) Expresion : Expresion _ ">" Expresion
  47) Expresion : Expresion _ ">=" Expresion
  48) Expresion : Expresion _ "\\/\\" Expresion
  49) Expresion : Expresion _ "\\\\/" Expresion

  "*"           shift, and go to state 41
  "\\/"         shift, and go to state 44
  "%"           shift, and go to state 37
  $default      reduce using rule 39 (Expresion)


state 78

  34) Expresion : Expresion _ "%" Expresion
  35) Expresion : Expresion _ "++"
  36) Expresion : Expresion _ "--"
  37) Expresion : Expresion _ "::" Expresion
  38) Expresion : Expresion _ "*" Expresion
  39) Expresion : Expresion _ "+" Expresion
  40) Expresion : Expresion _ "-" Expresion
  40) Expresion : Expresion "-" Expresion _
  41) Expresion : Expresion _ "\\/" Expresion
  42) Expresion : Expresion _ "/=" Expresion
  43) Expresion : Expresion _ "<" Expresion
  44) Expresion : Expresion _ "<=" Expresion
  45) Expresion : Expresion _ "=" Expresion
  46) Expresion : Expresion _ ">" Expresion
  47) Expresion : Expresion _ ">=" Expresion
  48) Expresion : Expresion _ "\\/\\" Expresion
  49) Expresion : Expresion _ "\\\\/" Expresion

  "*"           shift, and go to state 41
  "\\/"         shift, and go to state 44
  "%"           shift, and go to state 37
  $default      reduce using rule 40 (Expresion)


state 79

  34) Expresion : Expresion _ "%" Expresion
  35) Expresion : Expresion _ "++"
  36) Expresion : Expresion _ "--"
  37) Expresion : Expresion _ "::" Expresion
  38) Expresion : Expresion _ "*" Expresion
  39) Expresion : Expresion _ "+" Expresion
  40) Expresion : Expresion _ "-" Expresion
  41) Expresion : Expresion _ "\\/" Expresion
  41) Expresion : Expresion "\\/" Expresion _
  42) Expresion : Expresion _ "/=" Expresion
  43) Expresion : Expresion _ "<" Expresion
  44) Expresion : Expresion _ "<=" Expresion
  45) Expresion : Expresion _ "=" Expresion
  46) Expresion : Expresion _ ">" Expresion
  47) Expresion : Expresion _ ">=" Expresion
  48) Expresion : Expresion _ "\\/\\" Expresion
  49) Expresion : Expresion _ "\\\\/" Expresion

  $default      reduce using rule 41 (Expresion)


state 80

  34) Expresion : Expresion _ "%" Expresion
  35) Expresion : Expresion _ "++"
  36) Expresion : Expresion _ "--"
  37) Expresion : Expresion _ "::" Expresion
  38) Expresion : Expresion _ "*" Expresion
  39) Expresion : Expresion _ "+" Expresion
  40) Expresion : Expresion _ "-" Expresion
  41) Expresion : Expresion _ "\\/" Expresion
  42) Expresion : Expresion _ "/=" Expresion
  42) Expresion : Expresion "/=" Expresion _
  43) Expresion : Expresion _ "<" Expresion
  44) Expresion : Expresion _ "<=" Expresion
  45) Expresion : Expresion _ "=" Expresion
  46) Expresion : Expresion _ ">" Expresion
  47) Expresion : Expresion _ ">=" Expresion
  48) Expresion : Expresion _ "\\/\\" Expresion
  49) Expresion : Expresion _ "\\\\/" Expresion

  "+"           shift, and go to state 42
  "-"           shift, and go to state 43
  "*"           shift, and go to state 41
  "\\/"         shift, and go to state 44
  "%"           shift, and go to state 37
  "\\/\\"       shift, and go to state 51
  "\\\\/"       shift, and go to state 52
  $default      reduce using rule 42 (Expresion)


state 81

  34) Expresion : Expresion _ "%" Expresion
  35) Expresion : Expresion _ "++"
  36) Expresion : Expresion _ "--"
  37) Expresion : Expresion _ "::" Expresion
  38) Expresion : Expresion _ "*" Expresion
  39) Expresion : Expresion _ "+" Expresion
  40) Expresion : Expresion _ "-" Expresion
  41) Expresion : Expresion _ "\\/" Expresion
  42) Expresion : Expresion _ "/=" Expresion
  43) Expresion : Expresion _ "<" Expresion
  43) Expresion : Expresion "<" Expresion _
  44) Expresion : Expresion _ "<=" Expresion
  45) Expresion : Expresion _ "=" Expresion
  46) Expresion : Expresion _ ">" Expresion
  47) Expresion : Expresion _ ">=" Expresion
  48) Expresion : Expresion _ "\\/\\" Expresion
  49) Expresion : Expresion _ "\\\\/" Expresion

  "+"           shift, and go to state 42
  "-"           shift, and go to state 43
  "*"           shift, and go to state 41
  "\\/"         shift, and go to state 44
  "%"           shift, and go to state 37
  "\\/\\"       shift, and go to state 51
  "\\\\/"       shift, and go to state 52
  "/="          shift, and go to state 45
  "="           shift, and go to state 48
  "<"           error
  "<="          error
  ">"           error
  ">="          error
  $default      reduce using rule 43 (Expresion)


state 82

  34) Expresion : Expresion _ "%" Expresion
  35) Expresion : Expresion _ "++"
  36) Expresion : Expresion _ "--"
  37) Expresion : Expresion _ "::" Expresion
  38) Expresion : Expresion _ "*" Expresion
  39) Expresion : Expresion _ "+" Expresion
  40) Expresion : Expresion _ "-" Expresion
  41) Expresion : Expresion _ "\\/" Expresion
  42) Expresion : Expresion _ "/=" Expresion
  43) Expresion : Expresion _ "<" Expresion
  44) Expresion : Expresion _ "<=" Expresion
  44) Expresion : Expresion "<=" Expresion _
  45) Expresion : Expresion _ "=" Expresion
  46) Expresion : Expresion _ ">" Expresion
  47) Expresion : Expresion _ ">=" Expresion
  48) Expresion : Expresion _ "\\/\\" Expresion
  49) Expresion : Expresion _ "\\\\/" Expresion

  "+"           shift, and go to state 42
  "-"           shift, and go to state 43
  "*"           shift, and go to state 41
  "\\/"         shift, and go to state 44
  "%"           shift, and go to state 37
  "\\/\\"       shift, and go to state 51
  "\\\\/"       shift, and go to state 52
  "/="          shift, and go to state 45
  "="           shift, and go to state 48
  "<"           error
  "<="          error
  ">"           error
  ">="          error
  $default      reduce using rule 44 (Expresion)


state 83

  34) Expresion : Expresion _ "%" Expresion
  35) Expresion : Expresion _ "++"
  36) Expresion : Expresion _ "--"
  37) Expresion : Expresion _ "::" Expresion
  38) Expresion : Expresion _ "*" Expresion
  39) Expresion : Expresion _ "+" Expresion
  40) Expresion : Expresion _ "-" Expresion
  41) Expresion : Expresion _ "\\/" Expresion
  42) Expresion : Expresion _ "/=" Expresion
  43) Expresion : Expresion _ "<" Expresion
  44) Expresion : Expresion _ "<=" Expresion
  45) Expresion : Expresion _ "=" Expresion
  45) Expresion : Expresion "=" Expresion _
  46) Expresion : Expresion _ ">" Expresion
  47) Expresion : Expresion _ ">=" Expresion
  48) Expresion : Expresion _ "\\/\\" Expresion
  49) Expresion : Expresion _ "\\\\/" Expresion

  "+"           shift, and go to state 42
  "-"           shift, and go to state 43
  "*"           shift, and go to state 41
  "\\/"         shift, and go to state 44
  "%"           shift, and go to state 37
  "\\/\\"       shift, and go to state 51
  "\\\\/"       shift, and go to state 52
  $default      reduce using rule 45 (Expresion)


state 84

  34) Expresion : Expresion _ "%" Expresion
  35) Expresion : Expresion _ "++"
  36) Expresion : Expresion _ "--"
  37) Expresion : Expresion _ "::" Expresion
  38) Expresion : Expresion _ "*" Expresion
  39) Expresion : Expresion _ "+" Expresion
  40) Expresion : Expresion _ "-" Expresion
  41) Expresion : Expresion _ "\\/" Expresion
  42) Expresion : Expresion _ "/=" Expresion
  43) Expresion : Expresion _ "<" Expresion
  44) Expresion : Expresion _ "<=" Expresion
  45) Expresion : Expresion _ "=" Expresion
  46) Expresion : Expresion _ ">" Expresion
  46) Expresion : Expresion ">" Expresion _
  47) Expresion : Expresion _ ">=" Expresion
  48) Expresion : Expresion _ "\\/\\" Expresion
  49) Expresion : Expresion _ "\\\\/" Expresion

  "+"           shift, and go to state 42
  "-"           shift, and go to state 43
  "*"           shift, and go to state 41
  "\\/"         shift, and go to state 44
  "%"           shift, and go to state 37
  "\\/\\"       shift, and go to state 51
  "\\\\/"       shift, and go to state 52
  "/="          shift, and go to state 45
  "="           shift, and go to state 48
  "<"           error
  "<="          error
  ">"           error
  ">="          error
  $default      reduce using rule 46 (Expresion)


state 85

  34) Expresion : Expresion _ "%" Expresion
  35) Expresion : Expresion _ "++"
  36) Expresion : Expresion _ "--"
  37) Expresion : Expresion _ "::" Expresion
  38) Expresion : Expresion _ "*" Expresion
  39) Expresion : Expresion _ "+" Expresion
  40) Expresion : Expresion _ "-" Expresion
  41) Expresion : Expresion _ "\\/" Expresion
  42) Expresion : Expresion _ "/=" Expresion
  43) Expresion : Expresion _ "<" Expresion
  44) Expresion : Expresion _ "<=" Expresion
  45) Expresion : Expresion _ "=" Expresion
  46) Expresion : Expresion _ ">" Expresion
  47) Expresion : Expresion _ ">=" Expresion
  47) Expresion : Expresion ">=" Expresion _
  48) Expresion : Expresion _ "\\/\\" Expresion
  49) Expresion : Expresion _ "\\\\/" Expresion

  "+"           shift, and go to state 42
  "-"           shift, and go to state 43
  "*"           shift, and go to state 41
  "\\/"         shift, and go to state 44
  "%"           shift, and go to state 37
  "\\/\\"       shift, and go to state 51
  "\\\\/"       shift, and go to state 52
  "/="          shift, and go to state 45
  "="           shift, and go to state 48
  "<"           error
  "<="          error
  ">"           error
  ">="          error
  $default      reduce using rule 47 (Expresion)


state 86

  34) Expresion : Expresion _ "%" Expresion
  35) Expresion : Expresion _ "++"
  36) Expresion : Expresion _ "--"
  37) Expresion : Expresion _ "::" Expresion
  38) Expresion : Expresion _ "*" Expresion
  39) Expresion : Expresion _ "+" Expresion
  40) Expresion : Expresion _ "-" Expresion
  41) Expresion : Expresion _ "\\/" Expresion
  42) Expresion : Expresion _ "/=" Expresion
  43) Expresion : Expresion _ "<" Expresion
  44) Expresion : Expresion _ "<=" Expresion
  45) Expresion : Expresion _ "=" Expresion
  46) Expresion : Expresion _ ">" Expresion
  47) Expresion : Expresion _ ">=" Expresion
  48) Expresion : Expresion _ "\\/\\" Expresion
  48) Expresion : Expresion "\\/\\" Expresion _
  49) Expresion : Expresion _ "\\\\/" Expresion

  "+"           shift, and go to state 42
  "-"           shift, and go to state 43
  "*"           shift, and go to state 41
  "\\/"         shift, and go to state 44
  "%"           shift, and go to state 37
  $default      reduce using rule 48 (Expresion)


state 87

  34) Expresion : Expresion _ "%" Expresion
  35) Expresion : Expresion _ "++"
  36) Expresion : Expresion _ "--"
  37) Expresion : Expresion _ "::" Expresion
  38) Expresion : Expresion _ "*" Expresion
  39) Expresion : Expresion _ "+" Expresion
  40) Expresion : Expresion _ "-" Expresion
  41) Expresion : Expresion _ "\\/" Expresion
  42) Expresion : Expresion _ "/=" Expresion
  43) Expresion : Expresion _ "<" Expresion
  44) Expresion : Expresion _ "<=" Expresion
  45) Expresion : Expresion _ "=" Expresion
  46) Expresion : Expresion _ ">" Expresion
  47) Expresion : Expresion _ ">=" Expresion
  48) Expresion : Expresion _ "\\/\\" Expresion
  49) Expresion : Expresion _ "\\\\/" Expresion
  49) Expresion : Expresion "\\\\/" Expresion _

  "+"           shift, and go to state 42
  "-"           shift, and go to state 43
  "*"           shift, and go to state 41
  "\\/"         shift, and go to state 44
  "%"           shift, and go to state 37
  "\\/\\"       shift, and go to state 51
  $default      reduce using rule 49 (Expresion)


state 88

  53) Expresion : "(" Expresion ")" _

  $default      reduce using rule 53 (Expresion)


state 89

  54) Expresion : "[" Expresion "]" _

  $default      reduce using rule 54 (Expresion)


state 90

  55) Expresion : "{" Expresion "}" _

  $default      reduce using rule 55 (Expresion)


state 91

  13) Instrucciones : Instrucciones ";" Instruccion _

  $default      reduce using rule 13 (Instrucciones)


state 92

   3) Instruccion : "with" LDeclaraciones "begin" Instrucciones _ "end"
  13) Instrucciones : Instrucciones _ ";" Instruccion

  ";"           shift, and go to state 63
  "end"         shift, and go to state 103


state 93

  15) LDeclaraciones : "var" LDeclaraciones Declaracion _

  $default      reduce using rule 15 (LDeclaraciones)


state 94

  18) Declaracion : "id" _ ":" "array" "[" "num" "]" "of" Tipo
  19) Argumentos : "id" _ "<-" Expresion "," Argumentos
  20) Argumentos : "id" _ "," Argumentos
  21) Argumentos : "id" _ "<-" Expresion

  ","           shift, and go to state 97
  ":"           shift, and go to state 104
  "<-"          shift, and go to state 96


state 95

  16) LDeclaraciones : "var" "id" ":" _ Tipo
  18) Declaracion : "id" ":" _ "array" "[" "num" "]" "of" Tipo

  "int"         shift, and go to state 107
  "bool"        shift, and go to state 108
  "array"       shift, and go to state 106

  Tipo          go to state 105

state 96

  19) Argumentos : "id" "<-" _ Expresion "," Argumentos
  21) Argumentos : "id" "<-" _ Expresion

  "("           shift, and go to state 18
  "["           shift, and go to state 19
  "{"           shift, and go to state 20
  "-"           shift, and go to state 17
  "not"         shift, and go to state 15
  "#"           shift, and go to state 14
  "$"           shift, and go to state 16
  "true"        shift, and go to state 12
  "false"       shift, and go to state 13
  "num"         shift, and go to state 11
  "id"          shift, and go to state 32

  Expresion     go to state 109

state 97

  20) Argumentos : "id" "," _ Argumentos

  "id"          shift, and go to state 110
  $default      reduce using rule 22 (Argumentos)

  Argumentos    go to state 111

state 98

  17) Declaracion : Argumentos ":" _ Tipo

  "int"         shift, and go to state 107
  "bool"        shift, and go to state 108

  Tipo          go to state 112

state 99

  26) ElementosSalida : ElementosSalida "," ElementoSalida _

  $default      reduce using rule 26 (ElementosSalida)


state 100

   6) Instruccion : "if" Expresion "->" Instruccion _ "end"
   7) Instruccion : "if" Expresion "->" Instruccion _ "otherwise" "->" Instruccion "end"

  "end"         shift, and go to state 113
  "otherwise"   shift, and go to state 114


state 101

   8) Instruccion : "for" "id" "from" Expresion _ "to" Expresion "->" Instruccion
   9) Instruccion : "for" "id" "from" Expresion _ "to" Expresion "[" "step" "num" "]" "->" Instruccion
  34) Expresion : Expresion _ "%" Expresion
  35) Expresion : Expresion _ "++"
  36) Expresion : Expresion _ "--"
  37) Expresion : Expresion _ "::" Expresion
  38) Expresion : Expresion _ "*" Expresion
  39) Expresion : Expresion _ "+" Expresion
  40) Expresion : Expresion _ "-" Expresion
  41) Expresion : Expresion _ "\\/" Expresion
  42) Expresion : Expresion _ "/=" Expresion
  43) Expresion : Expresion _ "<" Expresion
  44) Expresion : Expresion _ "<=" Expresion
  45) Expresion : Expresion _ "=" Expresion
  46) Expresion : Expresion _ ">" Expresion
  47) Expresion : Expresion _ ">=" Expresion
  48) Expresion : Expresion _ "\\/\\" Expresion
  49) Expresion : Expresion _ "\\\\/" Expresion

  "+"           shift, and go to state 42
  "-"           shift, and go to state 43
  "*"           shift, and go to state 41
  "\\/"         shift, and go to state 44
  "%"           shift, and go to state 37
  "\\/\\"       shift, and go to state 51
  "\\\\/"       shift, and go to state 52
  "/="          shift, and go to state 45
  "<"           shift, and go to state 46
  "<="          shift, and go to state 47
  ">"           shift, and go to state 49
  ">="          shift, and go to state 50
  "="           shift, and go to state 48
  "++"          shift, and go to state 38
  "--"          shift, and go to state 39
  "::"          shift, and go to state 40
  "to"          shift, and go to state 115


state 102

  10) Instruccion : "while" Expresion "->" Instruccion _ "end"

  "end"         shift, and go to state 116


state 103

   3) Instruccion : "with" LDeclaraciones "begin" Instrucciones "end" _

  $default      reduce using rule 3 (Instruccion)


state 104

  18) Declaracion : "id" ":" _ "array" "[" "num" "]" "of" Tipo

  "array"       shift, and go to state 106


state 105

  16) LDeclaraciones : "var" "id" ":" Tipo _

  $default      reduce using rule 16 (LDeclaraciones)


state 106

  18) Declaracion : "id" ":" "array" _ "[" "num" "]" "of" Tipo

  "["           shift, and go to state 117


state 107

  23) Tipo : "int" _

  $default      reduce using rule 23 (Tipo)


state 108

  24) Tipo : "bool" _

  $default      reduce using rule 24 (Tipo)


state 109

  19) Argumentos : "id" "<-" Expresion _ "," Argumentos
  21) Argumentos : "id" "<-" Expresion _
  34) Expresion : Expresion _ "%" Expresion
  35) Expresion : Expresion _ "++"
  36) Expresion : Expresion _ "--"
  37) Expresion : Expresion _ "::" Expresion
  38) Expresion : Expresion _ "*" Expresion
  39) Expresion : Expresion _ "+" Expresion
  40) Expresion : Expresion _ "-" Expresion
  41) Expresion : Expresion _ "\\/" Expresion
  42) Expresion : Expresion _ "/=" Expresion
  43) Expresion : Expresion _ "<" Expresion
  44) Expresion : Expresion _ "<=" Expresion
  45) Expresion : Expresion _ "=" Expresion
  46) Expresion : Expresion _ ">" Expresion
  47) Expresion : Expresion _ ">=" Expresion
  48) Expresion : Expresion _ "\\/\\" Expresion
  49) Expresion : Expresion _ "\\\\/" Expresion

  ","           shift, and go to state 118
  "+"           shift, and go to state 42
  "-"           shift, and go to state 43
  "*"           shift, and go to state 41
  "\\/"         shift, and go to state 44
  "%"           shift, and go to state 37
  "\\/\\"       shift, and go to state 51
  "\\\\/"       shift, and go to state 52
  "/="          shift, and go to state 45
  "<"           shift, and go to state 46
  "<="          shift, and go to state 47
  ">"           shift, and go to state 49
  ">="          shift, and go to state 50
  "="           shift, and go to state 48
  "++"          shift, and go to state 38
  "--"          shift, and go to state 39
  "::"          shift, and go to state 40
  $default      reduce using rule 21 (Argumentos)


state 110

  19) Argumentos : "id" _ "<-" Expresion "," Argumentos
  20) Argumentos : "id" _ "," Argumentos
  21) Argumentos : "id" _ "<-" Expresion

  ","           shift, and go to state 97
  "<-"          shift, and go to state 96


state 111

  20) Argumentos : "id" "," Argumentos _

  $default      reduce using rule 20 (Argumentos)


state 112

  17) Declaracion : Argumentos ":" Tipo _

  $default      reduce using rule 17 (Declaracion)


state 113

   6) Instruccion : "if" Expresion "->" Instruccion "end" _

  $default      reduce using rule 6 (Instruccion)


state 114

   7) Instruccion : "if" Expresion "->" Instruccion "otherwise" _ "->" Instruccion "end"

  "->"          shift, and go to state 119


state 115

   8) Instruccion : "for" "id" "from" Expresion "to" _ Expresion "->" Instruccion
   9) Instruccion : "for" "id" "from" Expresion "to" _ Expresion "[" "step" "num" "]" "->" Instruccion

  "("           shift, and go to state 18
  "["           shift, and go to state 19
  "{"           shift, and go to state 20
  "-"           shift, and go to state 17
  "not"         shift, and go to state 15
  "#"           shift, and go to state 14
  "$"           shift, and go to state 16
  "true"        shift, and go to state 12
  "false"       shift, and go to state 13
  "num"         shift, and go to state 11
  "id"          shift, and go to state 32

  Expresion     go to state 120

state 116

  10) Instruccion : "while" Expresion "->" Instruccion "end" _

  $default      reduce using rule 10 (Instruccion)


state 117

  18) Declaracion : "id" ":" "array" "[" _ "num" "]" "of" Tipo

  "num"         shift, and go to state 121


state 118

  19) Argumentos : "id" "<-" Expresion "," _ Argumentos

  "id"          shift, and go to state 110
  $default      reduce using rule 22 (Argumentos)

  Argumentos    go to state 122

state 119

   7) Instruccion : "if" Expresion "->" Instruccion "otherwise" "->" _ Instruccion "end"

  "("           shift, and go to state 18
  "["           shift, and go to state 19
  "{"           shift, and go to state 20
  "-"           shift, and go to state 17
  "not"         shift, and go to state 15
  "#"           shift, and go to state 14
  "$"           shift, and go to state 16
  "with"        shift, and go to state 4
  "true"        shift, and go to state 12
  "false"       shift, and go to state 13
  "begin"       shift, and go to state 3
  "while"       shift, and go to state 9
  "if"          shift, and go to state 7
  "read"        shift, and go to state 5
  "print"       shift, and go to state 6
  "for"         shift, and go to state 8
  "num"         shift, and go to state 11
  "id"          shift, and go to state 2

  Instruccion   go to state 123
  Expresion     go to state 10

state 120

   8) Instruccion : "for" "id" "from" Expresion "to" Expresion _ "->" Instruccion
   9) Instruccion : "for" "id" "from" Expresion "to" Expresion _ "[" "step" "num" "]" "->" Instruccion
  34) Expresion : Expresion _ "%" Expresion
  35) Expresion : Expresion _ "++"
  36) Expresion : Expresion _ "--"
  37) Expresion : Expresion _ "::" Expresion
  38) Expresion : Expresion _ "*" Expresion
  39) Expresion : Expresion _ "+" Expresion
  40) Expresion : Expresion _ "-" Expresion
  41) Expresion : Expresion _ "\\/" Expresion
  42) Expresion : Expresion _ "/=" Expresion
  43) Expresion : Expresion _ "<" Expresion
  44) Expresion : Expresion _ "<=" Expresion
  45) Expresion : Expresion _ "=" Expresion
  46) Expresion : Expresion _ ">" Expresion
  47) Expresion : Expresion _ ">=" Expresion
  48) Expresion : Expresion _ "\\/\\" Expresion
  49) Expresion : Expresion _ "\\\\/" Expresion

  "["           shift, and go to state 125
  "->"          shift, and go to state 124
  "+"           shift, and go to state 42
  "-"           shift, and go to state 43
  "*"           shift, and go to state 41
  "\\/"         shift, and go to state 44
  "%"           shift, and go to state 37
  "\\/\\"       shift, and go to state 51
  "\\\\/"       shift, and go to state 52
  "/="          shift, and go to state 45
  "<"           shift, and go to state 46
  "<="          shift, and go to state 47
  ">"           shift, and go to state 49
  ">="          shift, and go to state 50
  "="           shift, and go to state 48
  "++"          shift, and go to state 38
  "--"          shift, and go to state 39
  "::"          shift, and go to state 40


state 121

  18) Declaracion : "id" ":" "array" "[" "num" _ "]" "of" Tipo

  "]"           shift, and go to state 126


state 122

  19) Argumentos : "id" "<-" Expresion "," Argumentos _

  $default      reduce using rule 19 (Argumentos)


state 123

   7) Instruccion : "if" Expresion "->" Instruccion "otherwise" "->" Instruccion _ "end"

  "end"         shift, and go to state 127


state 124

   8) Instruccion : "for" "id" "from" Expresion "to" Expresion "->" _ Instruccion

  "("           shift, and go to state 18
  "["           shift, and go to state 19
  "{"           shift, and go to state 20
  "-"           shift, and go to state 17
  "not"         shift, and go to state 15
  "#"           shift, and go to state 14
  "$"           shift, and go to state 16
  "with"        shift, and go to state 4
  "true"        shift, and go to state 12
  "false"       shift, and go to state 13
  "begin"       shift, and go to state 3
  "while"       shift, and go to state 9
  "if"          shift, and go to state 7
  "read"        shift, and go to state 5
  "print"       shift, and go to state 6
  "for"         shift, and go to state 8
  "num"         shift, and go to state 11
  "id"          shift, and go to state 2

  Instruccion   go to state 128
  Expresion     go to state 10

state 125

   9) Instruccion : "for" "id" "from" Expresion "to" Expresion "[" _ "step" "num" "]" "->" Instruccion

  "step"        shift, and go to state 129


state 126

  18) Declaracion : "id" ":" "array" "[" "num" "]" _ "of" Tipo

  "of"          shift, and go to state 130


state 127

   7) Instruccion : "if" Expresion "->" Instruccion "otherwise" "->" Instruccion "end" _

  $default      reduce using rule 7 (Instruccion)


state 128

   8) Instruccion : "for" "id" "from" Expresion "to" Expresion "->" Instruccion _

  $default      reduce using rule 8 (Instruccion)


state 129

   9) Instruccion : "for" "id" "from" Expresion "to" Expresion "[" "step" _ "num" "]" "->" Instruccion

  "num"         shift, and go to state 131


state 130

  18) Declaracion : "id" ":" "array" "[" "num" "]" "of" _ Tipo

  "int"         shift, and go to state 107
  "bool"        shift, and go to state 108

  Tipo          go to state 132

state 131

   9) Instruccion : "for" "id" "from" Expresion "to" Expresion "[" "step" "num" _ "]" "->" Instruccion

  "]"           shift, and go to state 133


state 132

  18) Declaracion : "id" ":" "array" "[" "num" "]" "of" Tipo _

  $default      reduce using rule 18 (Declaracion)


state 133

   9) Instruccion : "for" "id" "from" Expresion "to" Expresion "[" "step" "num" "]" _ "->" Instruccion

  "->"          shift, and go to state 134


state 134

   9) Instruccion : "for" "id" "from" Expresion "to" Expresion "[" "step" "num" "]" "->" _ Instruccion

  "("           shift, and go to state 18
  "["           shift, and go to state 19
  "{"           shift, and go to state 20
  "-"           shift, and go to state 17
  "not"         shift, and go to state 15
  "#"           shift, and go to state 14
  "$"           shift, and go to state 16
  "with"        shift, and go to state 4
  "true"        shift, and go to state 12
  "false"       shift, and go to state 13
  "begin"       shift, and go to state 3
  "while"       shift, and go to state 9
  "if"          shift, and go to state 7
  "read"        shift, and go to state 5
  "print"       shift, and go to state 6
  "for"         shift, and go to state 8
  "num"         shift, and go to state 11
  "id"          shift, and go to state 2

  Instruccion   go to state 135
  Expresion     go to state 10

state 135

   9) Instruccion : "for" "id" "from" Expresion "to" Expresion "[" "step" "num" "]" "->" Instruccion _

  $default      reduce using rule 9 (Instruccion)

